


materialPath: Z:\SteamLibrary\steamapps\common\GarrysMod\garrysmod\materials
Loading z:\java\sourcemapgenerator\maps\output1.vmf
fixing up env_cubemap materials on brush sides...
0...1...2...3...4...5...6...7...8...9...10**** leaked ****
Processing areas...done (0)
Building Faces...done (0)
FixTjuncs...
Too many unique verts, max = 65536 (map has too much brush geometry)



12 threads
reading z:\java\sourcemapgenerator\maps\output1.bsp
Error opening z:\java\sourcemapgenerator\maps\output1.bsp


[Reading texlights from 'lights.rad']
[45 texlights parsed from 'lights.rad']

Loading z:\java\sourcemapgenerator\maps\output1.bsp
Error opening z:\java\sourcemapgenerator\maps\output1.bsp


materialPath: Z:\SteamLibrary\steamapps\common\GarrysMod\garrysmod\materials
Loading z:\java\sourcemapgenerator\maps\output1.vmf
fixing up env_cubemap materials on brush sides...
0...1...2...3...4...5...6...7...8...9...10


12 threads
reading z:\java\sourcemapgenerator\maps\output1.bsp
Error opening z:\java\sourcemapgenerator\maps\output1.bsp


[Reading texlights from 'lights.rad']
[45 texlights parsed from 'lights.rad']

Loading z:\java\sourcemapgenerator\maps\output1.bsp
Error opening z:\java\sourcemapgenerator\maps\output1.bsp


materialPath: Z:\SteamLibrary\steamapps\common\GarrysMod\garrysmod\materials
Loading z:\java\sourcemapgenerator\maps\output1.vmf
fixing up env_cubemap materials on brush sides...
0...1...2...3...4...5...6...7...8...9...10


12 threads
reading z:\java\sourcemapgenerator\maps\output1.bsp
Error opening z:\java\sourcemapgenerator\maps\output1.bsp


[Reading texlights from 'lights.rad']
[45 texlights parsed from 'lights.rad']

Loading z:\java\sourcemapgenerator\maps\output1.bsp
Error opening z:\java\sourcemapgenerator\maps\output1.bsp


materialPath: Z:\SteamLibrary\steamapps\common\GarrysMod\garrysmod\materials
Loading z:\java\sourcemapgenerator\maps\output1.vmf
fixing up env_cubemap materials on brush sides...
0...1...2...3...4...5...6...7...8...9...10**** leaked ****
Processing areas...done (0)
Building Faces...done (0)
FixTjuncs...
PruneNodes...
WriteBSP...
done (4)
Creating default LDR cubemaps for env_cubemap using skybox materials:
   skybox/sky_day01_05*.vmt
 ! Run buildcubemaps in the engine to get the correct cube maps.
Creating default HDR cubemaps for env_cubemap using skybox materials:
   skybox/sky_day01_05*.vmt
 ! Run buildcubemaps in the engine to get the correct cube maps.
Finding displacement neighbors...
Finding lightmap sample positions...
Displacement Alpha : 0...1...2...3...4...5...6...7...8...9...10
Building Physics collision data...
done (0) (1568154 bytes)
Placing detail props : 0...1...2...3...4...5...6...7...8...9...10
Compacting texture/material tables...
Reduced 3 texinfos to 3
Reduced 1 texdatas to 1 (40 bytes to 40)
Writing z:\java\sourcemapgenerator\maps\output1.bsp
7 seconds elapsed



12 threads
reading z:\java\sourcemapgenerator\maps\output1.bsp
reading z:\java\sourcemapgenerator\maps\output1.prt
LoadPortals: couldn't read z:\java\sourcemapgenerator\maps\output1.prt



[Reading texlights from 'lights.rad']
[45 texlights parsed from 'lights.rad']

Loading z:\java\sourcemapgenerator\maps\output1.bsp
PREP OK
No vis information, direct lighting only.
42045 faces
150682 square feet [21698226.00 square inches]
0 Displacements
0 Square Feet [0.00 Square Inches]
0 direct lights
0...1...2...3...4...5...6...7...8...9...10Build Patch/Sample Hash Table(s).....Done<0.0063 sec>
0...1...2...3...4...5...6...7...8...9...10FinalLightFace Done
0 of 0 (0% of) surface lights went in leaf ambient cubes.
0...1...2...3...4...5...6...7...8...9...10Writing leaf ambient...done
Ready to Finish

Object names       Objects/Maxobjs  Memory / Maxmem  Fullness 
------------       ---------------  ---------------  -------- 
models                   1/4096           48/196608   ( 0.0%) 
brushes               4000/16384       48000/196608   (24.4%) 
brushsides           24000/163840     192000/1310720  (14.6%) 
planes                6188/65536      123760/1310720  ( 9.4%) 
vertexes             61497/65536      737964/786432   (93.8%) VERY FULL!
nodes                39025/65536     1248800/2097152  (59.5%) 
texinfos                 3/16384         216/1179648  ( 0.0%) 
texdata                  1/8192           32/262144   ( 0.0%) 
dispinfos                0/0               0/0        ( 0.0%) 
disp_verts               0/0               0/0        ( 0.0%) 
disp_tris                0/0               0/0        ( 0.0%) 
disp_lmsamples           0/0               0/0        ( 0.0%) 
faces                42045/65536     2354520/3670016  (64.2%) 
hdr faces                0/65536           0/3670016  ( 0.0%) 
origfaces            23962/65536     1341872/3670016  (36.6%) 
leaves               39027/65536     1248864/2097152  (59.6%) 
leaffaces            47578/65536       95156/131072   (72.6%) 
leafbrushes          15817/65536       31634/131072   (24.1%) 
areas                    1/1024            8/8192     ( 0.1%) 
surfedges           286964/512000    1147856/2048000  (56.0%) 
edges               143553/256000     574212/1024000  (56.1%) 
LDR worldlights          0/8192            0/720896   ( 0.0%) 
HDR worldlights          0/8192            0/720896   ( 0.0%) 
leafwaterdata            0/32768           0/393216   ( 0.0%) 
waterstrips           1915/32768       19150/327680   ( 5.8%) 
waterverts               0/65536           0/786432   ( 0.0%) 
waterindices         26118/65536       52236/131072   (39.9%) 
cubemapsamples           0/1024            0/16384    ( 0.0%) 
overlays                 0/8192            0/2883584  ( 0.0%) 
LDR lightdata         [variable]     2032624/0        ( 0.0%) 
HDR lightdata         [variable]           0/0        ( 0.0%) 
visdata               [variable]           0/16777216 ( 0.0%) 
entdata               [variable]         238/393216   ( 0.1%) 
LDR ambient table    39027/65536      156108/262144   (59.6%) 
HDR ambient table    39027/65536      156108/262144   (59.6%) 
LDR leaf ambient     25788/65536      722064/1835008  (39.3%) 
HDR leaf ambient     39027/65536     1092756/1835008  (59.6%) 
occluders                0/0               0/0        ( 0.0%) 
occluder polygons        0/0               0/0        ( 0.0%) 
occluder vert ind        0/0               0/0        ( 0.0%) 
detail props          [variable]           1/12       ( 8.3%) 
static props          [variable]           1/12       ( 8.3%) 
pakfile               [variable]      105659/0        ( 0.0%) 
physics               [variable]     1568154/4194304  (37.4%) 
physics terrain       [variable]           2/1048576  ( 0.0%) 

Level flags = 0

Total triangle count: 107026
Writing z:\java\sourcemapgenerator\maps\output1.bsp
9 seconds elapsed



materialPath: Z:\SteamLibrary\steamapps\common\GarrysMod\garrysmod\materials
Loading z:\java\sourcemapgenerator\maps\output1.vmf
fixing up env_cubemap materials on brush sides...
0...1...2...3...4...5...6...7...8...9...10**** leaked ****
Entity info_player_start (-2151.09 274.86 -1770.00) leaked!
Processing areas...done (0)
Building Faces...done (0)
FixTjuncs...
PruneNodes...
WriteBSP...
done (0)
Creating default LDR cubemaps for env_cubemap using skybox materials:
   skybox/sky_day01_05*.vmt
 ! Run buildcubemaps in the engine to get the correct cube maps.
Creating default HDR cubemaps for env_cubemap using skybox materials:
   skybox/sky_day01_05*.vmt
 ! Run buildcubemaps in the engine to get the correct cube maps.
Finding displacement neighbors...
Finding lightmap sample positions...
Displacement Alpha : 0...1...2...3...4...5...6...7...8...9...10
Building Physics collision data...
done (0) (381210 bytes)
Placing detail props : 0...1...2...3...4...5...6...7...8...9...10
Compacting texture/material tables...
Reduced 3 texinfos to 3
Reduced 1 texdatas to 1 (40 bytes to 40)
Writing z:\java\sourcemapgenerator\maps\output1.bsp
1 second elapsed



12 threads
reading z:\java\sourcemapgenerator\maps\output1.bsp
reading z:\java\sourcemapgenerator\maps\output1.prt
LoadPortals: couldn't read z:\java\sourcemapgenerator\maps\output1.prt



[Reading texlights from 'lights.rad']
[45 texlights parsed from 'lights.rad']

Loading z:\java\sourcemapgenerator\maps\output1.bsp
PREP OK
No vis information, direct lighting only.
40640 faces
18483616 square feet [2661640704.00 square inches]
0 Displacements
0 Square Feet [0.00 Square Inches]
0 direct lights
0...1...2...3...4...5...6...7...8...9...10Build Patch/Sample Hash Table(s).....Done<0.9421 sec>
0...1...2...3...4...5...6...7...8...9...10FinalLightFace Done
0 of 0 (0% of) surface lights went in leaf ambient cubes.
0...1...2...3...4...5...6...7...8...9...10Writing leaf ambient...done
Ready to Finish

Object names       Objects/Maxobjs  Memory / Maxmem  Fullness 
------------       ---------------  ---------------  -------- 
models                   1/4096           48/196608   ( 0.0%) 
brushes               1020/16384       12240/196608   ( 6.2%) 
brushsides            6120/163840      48960/1310720  ( 3.7%) 
planes               11152/65536      223040/1310720  (17.0%) 
vertexes             59900/65536      718800/786432   (91.4%) VERY FULL!
nodes                23523/65536      752736/2097152  (35.9%) 
texinfos                 3/16384         216/1179648  ( 0.0%) 
texdata                  1/8192           32/262144   ( 0.0%) 
dispinfos                0/0               0/0        ( 0.0%) 
disp_verts               0/0               0/0        ( 0.0%) 
disp_tris                0/0               0/0        ( 0.0%) 
disp_lmsamples           0/0               0/0        ( 0.0%) 
faces                40640/65536     2275840/3670016  (62.0%) 
hdr faces                0/65536           0/3670016  ( 0.0%) 
origfaces             5331/65536      298536/3670016  ( 8.1%) 
leaves               23525/65536      752800/2097152  (35.9%) 
leaffaces            46342/65536       92684/131072   (70.7%) 
leafbrushes          17512/65536       35024/131072   (26.7%) 
areas                    2/1024           16/8192     ( 0.2%) 
surfedges           215460/512000     861840/2048000  (42.1%) 
edges               108560/256000     434240/1024000  (42.4%) 
LDR worldlights          0/8192            0/720896   ( 0.0%) 
HDR worldlights          0/8192            0/720896   ( 0.0%) 
leafwaterdata            0/32768           0/393216   ( 0.0%) 
waterstrips           4402/32768       44020/327680   (13.4%) 
waterverts               0/65536           0/786432   ( 0.0%) 
waterindices         58461/65536      116922/131072   (89.2%) VERY FULL!
cubemapsamples           0/1024            0/16384    ( 0.0%) 
overlays                 0/8192            0/2883584  ( 0.0%) 
LDR lightdata         [variable]    51506364/0        ( 0.0%) 
HDR lightdata         [variable]           0/0        ( 0.0%) 
visdata               [variable]           0/16777216 ( 0.0%) 
entdata               [variable]         349/393216   ( 0.1%) 
LDR ambient table    23525/65536       94100/262144   (35.9%) 
HDR ambient table    23525/65536       94100/262144   (35.9%) 
LDR leaf ambient     11260/65536      315280/1835008  (17.2%) 
HDR leaf ambient     23525/65536      658700/1835008  (35.9%) 
occluders                0/0               0/0        ( 0.0%) 
occluder polygons        0/0               0/0        ( 0.0%) 
occluder vert ind        0/0               0/0        ( 0.0%) 
detail props          [variable]           1/12       ( 8.3%) 
static props          [variable]           1/12       ( 8.3%) 
pakfile               [variable]      105659/0        ( 0.0%) 
physics               [variable]      381210/4194304  ( 9.1%) 
physics terrain       [variable]           2/1048576  ( 0.0%) 

Level flags = 0

Total triangle count: 112856
Writing z:\java\sourcemapgenerator\maps\output1.bsp
29 seconds elapsed



materialPath: Z:\SteamLibrary\steamapps\common\GarrysMod\garrysmod\materials
Loading z:\java\sourcemapgenerator\maps\output1.vmf
fixing up env_cubemap materials on brush sides...
0...1...2...3...4...5...6...7...8...9...10**** leaked ****

FindPortalSide: Couldn't find a good match for which brush to assign to a portal near (10472.5 11264.0 -7627.0)
Leaf 0 contents: CONTENTS_SOLID 
Leaf 1 contents: 
viscontents (node 0 contents ^ node 1 contents): CONTENTS_SOLID 
This means that none of the brushes in leaf 0 or 1 that touches the portal has CONTENTS_SOLID 
Check for a huge brush enclosing the coordinates above that has contents CONTENTS_SOLID 
Candidate brush IDs: 


FindPortalSide: Couldn't find a good match for which brush to assign to a portal near (10984.5 11264.0 -7627.0)
Leaf 0 contents: CONTENTS_SOLID 
Leaf 1 contents: 
viscontents (node 0 contents ^ node 1 contents): CONTENTS_SOLID 
This means that none of the brushes in leaf 0 or 1 that touches the portal has CONTENTS_SOLID 
Check for a huge brush enclosing the coordinates above that has contents CONTENTS_SOLID 
Candidate brush IDs: 


FindPortalSide: Couldn't find a good match for which brush to assign to a portal near (10657.5 11264.0 910.5)
Leaf 0 contents: CONTENTS_SOLID 
Leaf 1 contents: 
viscontents (node 0 contents ^ node 1 contents): CONTENTS_SOLID 
This means that none of the brushes in leaf 0 or 1 that touches the portal has CONTENTS_SOLID 
Check for a huge brush enclosing the coordinates above that has contents CONTENTS_SOLID 
Candidate brush IDs: 


FindPortalSide: Couldn't find a good match for which brush to assign to a portal near (11169.5 11264.0 910.5)
Leaf 0 contents: CONTENTS_SOLID 
Leaf 1 contents: 
viscontents (node 0 contents ^ node 1 contents): CONTENTS_SOLID 
This means that none of the brushes in leaf 0 or 1 that touches the portal has CONTENTS_SOLID 
Check for a huge brush enclosing the coordinates above that has contents CONTENTS_SOLID 
Candidate brush IDs: 


FindPortalSide: Couldn't find a good match for which brush to assign to a portal near (10365.5 11264.0 8627.5)
Leaf 0 contents: CONTENTS_SOLID 
Leaf 1 contents: 
viscontents (node 0 contents ^ node 1 contents): CONTENTS_SOLID 
This means that none of the brushes in leaf 0 or 1 that touches the portal has CONTENTS_SOLID 
Check for a huge brush enclosing the coordinates above that has contents CONTENTS_SOLID 
Candidate brush IDs: 


FindPortalSide: Couldn't find a good match for which brush to assign to a portal near (10877.5 11264.0 8627.5)
Leaf 0 contents: CONTENTS_SOLID 
Leaf 1 contents: 
viscontents (node 0 contents ^ node 1 contents): CONTENTS_SOLID 
This means that none of the brushes in leaf 0 or 1 that touches the portal has CONTENTS_SOLID 
Check for a huge brush enclosing the coordinates above that has contents CONTENTS_SOLID 
Candidate brush IDs: 


FindPortalSide: Couldn't find a good match for which brush to assign to a portal near (11264.0 11776.0 90.0)
Leaf 0 contents: 
Leaf 1 contents: CONTENTS_SOLID 
viscontents (node 0 contents ^ node 1 contents): CONTENTS_SOLID 
This means that none of the brushes in leaf 0 or 1 that touches the portal has CONTENTS_SOLID 
Check for a huge brush enclosing the coordinates above that has contents CONTENTS_SOLID 
Candidate brush IDs: 


FindPortalSide: Couldn't find a good match for which brush to assign to a portal near (10752.0 12288.0 90.0)
Leaf 0 contents: 
Leaf 1 contents: CONTENTS_SOLID 
viscontents (node 0 contents ^ node 1 contents): CONTENTS_SOLID 
This means that none of the brushes in leaf 0 or 1 that touches the portal has CONTENTS_SOLID 
Check for a huge brush enclosing the coordinates above that has contents CONTENTS_SOLID 
Candidate brush IDs: 

*** Suppressing further FindPortalSide errors.... ***
Processing areas...done (0)
Building Faces...done (0)
FixTjuncs...
Too many unique verts, max = 65536 (map has too much brush geometry)



12 threads
reading z:\java\sourcemapgenerator\maps\output1.bsp
reading z:\java\sourcemapgenerator\maps\output1.prt
LoadPortals: couldn't read z:\java\sourcemapgenerator\maps\output1.prt



[Reading texlights from 'lights.rad']
[45 texlights parsed from 'lights.rad']

Loading z:\java\sourcemapgenerator\maps\output1.bsp
PREP OK
No vis information, direct lighting only.
40640 faces
18483616 square feet [2661640704.00 square inches]
0 Displacements
0 Square Feet [0.00 Square Inches]
0 direct lights
0...1...2...3...4...5...6...7...8...9...10Build Patch/Sample Hash Table(s).....Done<0.9068 sec>
0...1...2...3...4...5...6...7...8...9...10FinalLightFace Done
0 of 0 (0% of) surface lights went in leaf ambient cubes.
0...1...2...3...4...5...6...7...8...9...10Writing leaf ambient...done
Ready to Finish

Object names       Objects/Maxobjs  Memory / Maxmem  Fullness 
------------       ---------------  ---------------  -------- 
models                   1/4096           48/196608   ( 0.0%) 
brushes               1020/16384       12240/196608   ( 6.2%) 
brushsides            6120/163840      48960/1310720  ( 3.7%) 
planes               11152/65536      223040/1310720  (17.0%) 
vertexes             59900/65536      718800/786432   (91.4%) VERY FULL!
nodes                23523/65536      752736/2097152  (35.9%) 
texinfos                 3/16384         216/1179648  ( 0.0%) 
texdata                  1/8192           32/262144   ( 0.0%) 
dispinfos                0/0               0/0        ( 0.0%) 
disp_verts               0/0               0/0        ( 0.0%) 
disp_tris                0/0               0/0        ( 0.0%) 
disp_lmsamples           0/0               0/0        ( 0.0%) 
faces                40640/65536     2275840/3670016  (62.0%) 
hdr faces                0/65536           0/3670016  ( 0.0%) 
origfaces             5331/65536      298536/3670016  ( 8.1%) 
leaves               23525/65536      752800/2097152  (35.9%) 
leaffaces            46342/65536       92684/131072   (70.7%) 
leafbrushes          17512/65536       35024/131072   (26.7%) 
areas                    2/1024           16/8192     ( 0.2%) 
surfedges           215460/512000     861840/2048000  (42.1%) 
edges               108560/256000     434240/1024000  (42.4%) 
LDR worldlights          0/8192            0/720896   ( 0.0%) 
HDR worldlights          0/8192            0/720896   ( 0.0%) 
leafwaterdata            0/32768           0/393216   ( 0.0%) 
waterstrips           4402/32768       44020/327680   (13.4%) 
waterverts               0/65536           0/786432   ( 0.0%) 
waterindices         58461/65536      116922/131072   (89.2%) VERY FULL!
cubemapsamples           0/1024            0/16384    ( 0.0%) 
overlays                 0/8192            0/2883584  ( 0.0%) 
LDR lightdata         [variable]    51506364/0        ( 0.0%) 
HDR lightdata         [variable]           0/0        ( 0.0%) 
visdata               [variable]           0/16777216 ( 0.0%) 
entdata               [variable]         349/393216   ( 0.1%) 
LDR ambient table    23525/65536       94100/262144   (35.9%) 
HDR ambient table    23525/65536       94100/262144   (35.9%) 
LDR leaf ambient     11260/65536      315280/1835008  (17.2%) 
HDR leaf ambient     23525/65536      658700/1835008  (35.9%) 
occluders                0/0               0/0        ( 0.0%) 
occluder polygons        0/0               0/0        ( 0.0%) 
occluder vert ind        0/0               0/0        ( 0.0%) 
detail props          [variable]           1/12       ( 8.3%) 
static props          [variable]           1/12       ( 8.3%) 
pakfile               [variable]      105659/0        ( 0.0%) 
physics               [variable]      381210/4194304  ( 9.1%) 
physics terrain       [variable]           2/1048576  ( 0.0%) 

Level flags = 0

Total triangle count: 112856
Writing z:\java\sourcemapgenerator\maps\output1.bsp
29 seconds elapsed
